# JRE version: OpenJDK Runtime Environment (8.0_212-b04) (build 1.8.0_212-release-1586-b04)
# Java VM: OpenJDK 64-Bit Server VM (25.212-b04 mixed mode windows-amd64 compressed oops)
Heap:
 PSYoungGen      total 248320K, used 47599K [0x00000000e0000000, 0x00000000f3800000, 0x0000000100000000)
  eden space 200704K, 0% used [0x00000000e0000000,0x00000000e0000000,0x00000000ec400000)
  from space 47616K, 99% used [0x00000000f0100000,0x00000000f2f7bc70,0x00000000f2f80000)
  to   space 59392K, 0% used [0x00000000ec400000,0x00000000ec400000,0x00000000efe00000)
 ParOldGen       total 150528K, used 130682K [0x00000000a0000000, 0x00000000a9300000, 0x00000000e0000000)
  object space 150528K, 86% used [0x00000000a0000000,0x00000000a7f9ea30,0x00000000a9300000)
 Metaspace       used 90260K, capacity 95612K, committed 95784K, reserved 1132544K
  class space    used 11803K, capacity 12767K, committed 12840K, reserved 1048576K
GC Heap History (10 events):
Event: 1662.100 GC heap after
Heap after GC invocations=24 (full 4):
 PSYoungGen      total 271360K, used 34784K [0x00000000e0000000, 0x00000000f5c80000, 0x0000000100000000)
  eden space 236544K, 0% used [0x00000000e0000000,0x00000000e0000000,0x00000000ee700000)
  from space 34816K, 99% used [0x00000000f3a80000,0x00000000f5c783c8,0x00000000f5c80000)
  to   space 44544K, 0% used [0x00000000f0580000,0x00000000f0580000,0x00000000f3100000)
 ParOldGen       total 150528K, used 106726K [0x00000000a0000000, 0x00000000a9300000, 0x00000000e0000000)
  object space 150528K, 70% used [0x00000000a0000000,0x00000000a6839820,0x00000000a9300000)
 Metaspace       used 88387K, capacity 92740K, committed 92840K, reserved 1130496K
  class space    used 11567K, capacity 12373K, committed 12456K, reserved 1048576K
}
Event: 1756.131 GC heap before
{Heap before GC invocations=25 (full 4):
 PSYoungGen      total 271360K, used 271328K [0x00000000e0000000, 0x00000000f5c80000, 0x0000000100000000)
  eden space 236544K, 100% used [0x00000000e0000000,0x00000000ee700000,0x00000000ee700000)
  from space 34816K, 99% used [0x00000000f3a80000,0x00000000f5c783c8,0x00000000f5c80000)
  to   space 44544K, 0% used [0x00000000f0580000,0x00000000f0580000,0x00000000f3100000)
 ParOldGen       total 150528K, used 106726K [0x00000000a0000000, 0x00000000a9300000, 0x00000000e0000000)
  object space 150528K, 70% used [0x00000000a0000000,0x00000000a6839820,0x00000000a9300000)
 Metaspace       used 88980K, capacity 93868K, committed 93992K, reserved 1130496K
  class space    used 11655K, capacity 12521K, committed 12584K, reserved 1048576K
Event: 1756.261 GC heap after
Heap after GC invocations=25 (full 4):
 PSYoungGen      total 269312K, used 42051K [0x00000000e0000000, 0x00000000f4080000, 0x0000000100000000)
  eden space 226816K, 0% used [0x00000000e0000000,0x00000000e0000000,0x00000000edd80000)
  from space 42496K, 98% used [0x00000000f0580000,0x00000000f2e90fa0,0x00000000f2f00000)
  to   space 17920K, 0% used [0x00000000f2f00000,0x00000000f2f00000,0x00000000f4080000)
 ParOldGen       total 150528K, used 110567K [0x00000000a0000000, 0x00000000a9300000, 0x00000000e0000000)
  object space 150528K, 73% used [0x00000000a0000000,0x00000000a6bf9f88,0x00000000a9300000)
 Metaspace       used 88980K, capacity 93868K, committed 93992K, reserved 1130496K
  class space    used 11655K, capacity 12521K, committed 12584K, reserved 1048576K
}
Event: 1808.493 GC heap before
{Heap before GC invocations=26 (full 4):
 PSYoungGen      total 269312K, used 268867K [0x00000000e0000000, 0x00000000f4080000, 0x0000000100000000)
  eden space 226816K, 100% used [0x00000000e0000000,0x00000000edd80000,0x00000000edd80000)
  from space 42496K, 98% used [0x00000000f0580000,0x00000000f2e90fa0,0x00000000f2f00000)
  to   space 17920K, 0% used [0x00000000f2f00000,0x00000000f2f00000,0x00000000f4080000)
 ParOldGen       total 150528K, used 110567K [0x00000000a0000000, 0x00000000a9300000, 0x00000000e0000000)
  object space 150528K, 73% used [0x00000000a0000000,0x00000000a6bf9f88,0x00000000a9300000)
 Metaspace       used 89318K, capacity 94522K, committed 94888K, reserved 1132544K
  class space    used 11691K, capacity 12586K, committed 12712K, reserved 1048576K
Event: 1808.586 GC heap after
Heap after GC invocations=26 (full 4):
 PSYoungGen      total 235520K, used 17897K [0x00000000e0000000, 0x00000000f4080000, 0x0000000100000000)
  eden space 217600K, 0% used [0x00000000e0000000,0x00000000e0000000,0x00000000ed480000)
  from space 17920K, 99% used [0x00000000f2f00000,0x00000000f407a7e0,0x00000000f4080000)
  to   space 49664K, 0% used [0x00000000edf80000,0x00000000edf80000,0x00000000f1000000)
 ParOldGen       total 150528K, used 118434K [0x00000000a0000000, 0x00000000a9300000, 0x00000000e0000000)
  object space 150528K, 78% used [0x00000000a0000000,0x00000000a73a8838,0x00000000a9300000)
 Metaspace       used 89318K, capacity 94522K, committed 94888K, reserved 1132544K
  class space    used 11691K, capacity 12586K, committed 12712K, reserved 1048576K
}
Event: 2663.090 GC heap before
{Heap before GC invocations=27 (full 4):
 PSYoungGen      total 235520K, used 235497K [0x00000000e0000000, 0x00000000f4080000, 0x0000000100000000)
  eden space 217600K, 100% used [0x00000000e0000000,0x00000000ed480000,0x00000000ed480000)
  from space 17920K, 99% used [0x00000000f2f00000,0x00000000f407a7e0,0x00000000f4080000)
  to   space 49664K, 0% used [0x00000000edf80000,0x00000000edf80000,0x00000000f1000000)
 ParOldGen       total 150528K, used 118434K [0x00000000a0000000, 0x00000000a9300000, 0x00000000e0000000)
  object space 150528K, 78% used [0x00000000a0000000,0x00000000a73a8838,0x00000000a9300000)
 Metaspace       used 89580K, capacity 94972K, committed 95144K, reserved 1132544K
  class space    used 11720K, capacity 12639K, committed 12712K, reserved 1048576K
Event: 2663.250 GC heap after
Heap after GC invocations=27 (full 4):
 PSYoungGen      total 225792K, used 16821K [0x00000000e0000000, 0x00000000f2f80000, 0x0000000100000000)
  eden space 208896K, 0% used [0x00000000e0000000,0x00000000e0000000,0x00000000ecc00000)
  from space 16896K, 99% used [0x00000000edf80000,0x00000000eefed500,0x00000000ef000000)
  to   space 47616K, 0% used [0x00000000f0100000,0x00000000f0100000,0x00000000f2f80000)
 ParOldGen       total 150528K, used 118602K [0x00000000a0000000, 0x00000000a9300000, 0x00000000e0000000)
  object space 150528K, 78% used [0x00000000a0000000,0x00000000a73d2848,0x00000000a9300000)
 Metaspace       used 89580K, capacity 94972K, committed 95144K, reserved 1132544K
  class space    used 11720K, capacity 12639K, committed 12712K, reserved 1048576K
}
Event: 2674.772 GC heap before
{Heap before GC invocations=28 (full 4):
 PSYoungGen      total 225792K, used 225662K [0x00000000e0000000, 0x00000000f2f80000, 0x0000000100000000)
  eden space 208896K, 99% used [0x00000000e0000000,0x00000000ecbf2680,0x00000000ecc00000)
  from space 16896K, 99% used [0x00000000edf80000,0x00000000eefed500,0x00000000ef000000)
  to   space 47616K, 0% used [0x00000000f0100000,0x00000000f0100000,0x00000000f2f80000)
 ParOldGen       total 150528K, used 118602K [0x00000000a0000000, 0x00000000a9300000, 0x00000000e0000000)
  object space 150528K, 78% used [0x00000000a0000000,0x00000000a73d2848,0x00000000a9300000)
 Metaspace       used 90260K, capacity 95612K, committed 95784K, reserved 1132544K
  class space    used 11803K, capacity 12767K, committed 12840K, reserved 1048576K
Event: 2674.961 GC heap after
Heap after GC invocations=28 (full 4):
 PSYoungGen      total 248320K, used 47599K [0x00000000e0000000, 0x00000000f3800000, 0x0000000100000000)
  eden space 200704K, 0% used [0x00000000e0000000,0x00000000e0000000,0x00000000ec400000)
  from space 47616K, 99% used [0x00000000f0100000,0x00000000f2f7bc70,0x00000000f2f80000)
  to   space 59392K, 0% used [0x00000000ec400000,0x00000000ec400000,0x00000000efe00000)
 ParOldGen       total 150528K, used 130682K [0x00000000a0000000, 0x00000000a9300000, 0x00000000e0000000)
  object space 150528K, 86% used [0x00000000a0000000,0x00000000a7f9ea30,0x00000000a9300000)
 Metaspace       used 90260K, capacity 95612K, committed 95784K, reserved 1132544K
  class space    used 11803K, capacity 12767K, committed 12840K, reserved 1048576K
}
Event: 2674.968 GC heap before
{Heap before GC invocations=29 (full 5):
 PSYoungGen      total 248320K, used 47599K [0x00000000e0000000, 0x00000000f3800000, 0x0000000100000000)
  eden space 200704K, 0% used [0x00000000e0000000,0x00000000e0000000,0x00000000ec400000)
  from space 47616K, 99% used [0x00000000f0100000,0x00000000f2f7bc70,0x00000000f2f80000)
  to   space 59392K, 0% used [0x00000000ec400000,0x00000000ec400000,0x00000000efe00000)
 ParOldGen       total 150528K, used 130682K [0x00000000a0000000, 0x00000000a9300000, 0x00000000e0000000)
  object space 150528K, 86% used [0x00000000a0000000,0x00000000a7f9ea30,0x00000000a9300000)
 Metaspace       used 90260K, capacity 95612K, committed 95784K, reserved 1132544K
  class space    used 11803K, capacity 12767K, committed 12840K, reserved 1048576K

